<?xml version="1.0" encoding="UTF-8" ?>
<testsuite tests="48" failures="0" name="calendar.ApptTest" time="0.005" errors="0" skipped="0">
  <properties>
    <property name="java.runtime.name" value="Java(TM) SE Runtime Environment"/>
    <property name="java.vm.version" value="9.0.1+11"/>
    <property name="sun.boot.library.path" value="C:\Program Files\Java\jdk-9.0.1\bin"/>
    <property name="maven.multiModuleProjectDirectory" value="C:\Users\Thu\CS362-001-W2018\projects\hoangthu\assignment-3\Calendar"/>
    <property name="java.vm.vendor" value="Oracle Corporation"/>
    <property name="java.vendor.url" value="http://java.oracle.com/"/>
    <property name="guice.disable.misplaced.annotation.check" value="true"/>
    <property name="path.separator" value=";"/>
    <property name="java.vm.name" value="Java HotSpot(TM) 64-Bit Server VM"/>
    <property name="file.encoding.pkg" value="sun.io"/>
    <property name="sun.os.patch.level" value=""/>
    <property name="user.script" value=""/>
    <property name="user.country" value="US"/>
    <property name="sun.java.launcher" value="SUN_STANDARD"/>
    <property name="java.vm.specification.name" value="Java Virtual Machine Specification"/>
    <property name="user.dir" value="C:\Users\Thu\CS362-001-W2018\projects\hoangthu\assignment-3\Calendar"/>
    <property name="java.vm.compressedOopsMode" value="Zero based"/>
    <property name="java.runtime.version" value="9.0.1+11"/>
    <property name="java.awt.graphicsenv" value="sun.awt.Win32GraphicsEnvironment"/>
    <property name="os.arch" value="amd64"/>
    <property name="java.io.tmpdir" value="C:\Users\Thu\AppData\Local\Temp\"/>
    <property name="line.separator" value="
"/>
    <property name="java.vm.specification.vendor" value="Oracle Corporation"/>
    <property name="user.variant" value=""/>
    <property name="os.name" value="Windows 10"/>
    <property name="classworlds.conf" value="C:\Program Files\apache-maven-3.5.2\bin\..\bin\m2.conf"/>
    <property name="sun.jnu.encoding" value="Cp1252"/>
    <property name="java.library.path" value="C:\Program Files\Java\jdk-9.0.1\bin;C:\WINDOWS\Sun\Java\bin;C:\WINDOWS\system32;C:\WINDOWS;C:\ProgramData\Oracle\Java\javapath;C:\WINDOWS\system32;C:\WINDOWS;C:\WINDOWS\System32\Wbem;C:\WINDOWS\System32\WindowsPowerShell\v1.0\;C:\WINDOWS\system32\config\systemprofile\.dnx\bin;C:\Program Files\Microsoft DNX\Dnvm\;C:\Program Files\Microsoft SQL Server\120\Tools\Binn\;C:\Program Files\Microsoft SQL Server\130\Tools\Binn\;C:\Program Files (x86)\Windows Kits\8.1\Windows Performance Toolkit\;C:\Program Files (x86)\Skype\Phone\;C:\Program Files\Git\cmd;C:\Program Files\nodejs\;C:\Program Files\apache-maven-3.5.2\bin;C:\Users\Thu\AppData\Local\Microsoft\WindowsApps;C:\Users\Thu\AppData\Roaming\npm;;."/>
    <property name="maven.conf" value="C:\Program Files\apache-maven-3.5.2\bin\../conf"/>
    <property name="jdk.debug" value="release"/>
    <property name="java.class.version" value="53.0"/>
    <property name="java.specification.name" value="Java Platform API Specification"/>
    <property name="sun.management.compiler" value="HotSpot 64-Bit Tiered Compilers"/>
    <property name="os.version" value="10.0"/>
    <property name="library.jansi.path" value="C:\Program Files\apache-maven-3.5.2\bin\..\lib\jansi-native"/>
    <property name="user.home" value="C:\Users\Thu"/>
    <property name="user.timezone" value="America/Los_Angeles"/>
    <property name="java.awt.printerjob" value="sun.awt.windows.WPrinterJob"/>
    <property name="file.encoding" value="Cp1252"/>
    <property name="java.specification.version" value="9"/>
    <property name="user.name" value="Thu"/>
    <property name="java.class.path" value="C:\Program Files\apache-maven-3.5.2\bin\..\boot\plexus-classworlds-2.5.2.jar"/>
    <property name="java.vm.specification.version" value="9"/>
    <property name="sun.arch.data.model" value="64"/>
    <property name="sun.java.command" value="org.codehaus.plexus.classworlds.launcher.Launcher test"/>
    <property name="java.home" value="C:\Program Files\Java\jdk-9.0.1"/>
    <property name="user.language" value="en"/>
    <property name="java.specification.vendor" value="Oracle Corporation"/>
    <property name="awt.toolkit" value="sun.awt.windows.WToolkit"/>
    <property name="java.vm.info" value="mixed mode"/>
    <property name="java.version" value="9.0.1"/>
    <property name="java.vendor" value="Oracle Corporation"/>
    <property name="sun.stderr.encoding" value="cp437"/>
    <property name="maven.home" value="C:\Program Files\apache-maven-3.5.2\bin\.."/>
    <property name="file.separator" value="\"/>
    <property name="java.vendor.url.bug" value="http://bugreport.java.com/bugreport/"/>
    <property name="sun.io.unicode.encoding" value="UnicodeLittle"/>
    <property name="sun.cpu.endian" value="little"/>
    <property name="sun.stdout.encoding" value="cp437"/>
    <property name="sun.desktop" value="windows"/>
    <property name="sun.cpu.isalist" value="amd64"/>
  </properties>
  <testcase classname="calendar.ApptTest" name="testCompareToValue" time="0.005"/>
  <testcase classname="calendar.ApptTest" name="testTrueHour" time="0"/>
  <testcase classname="calendar.ApptTest" name="testFalseMonth" time="0"/>
  <testcase classname="calendar.ApptTest" name="appointmentMade" time="0"/>
  <testcase classname="calendar.ApptTest" name="testTrueDay" time="0"/>
  <testcase classname="calendar.ApptTest" name="testFalseHour" time="0"/>
  <testcase classname="calendar.ApptTest" name="testFalseYear" time="0"/>
  <testcase classname="calendar.ApptTest" name="testDesc" time="0"/>
  <testcase classname="calendar.ApptTest" name="testSetDescription" time="0"/>
  <testcase classname="calendar.ApptTest" name="testRecurrenceInc" time="0"/>
  <testcase classname="calendar.ApptTest" name="testRecurrencept2" time="0"/>
  <testcase classname="calendar.ApptTest" name="testCompareTo" time="0"/>
  <testcase classname="calendar.ApptTest" name="getDayWrong" time="0"/>
  <testcase classname="calendar.ApptTest" name="testRecurArr" time="0"/>
  <testcase classname="calendar.ApptTest" name="testRecurInc" time="0"/>
  <testcase classname="calendar.ApptTest" name="getYear" time="0"/>
  <testcase classname="calendar.ApptTest" name="setnullDescription" time="0"/>
  <testcase classname="calendar.ApptTest" name="testFalseDayZero" time="0"/>
  <testcase classname="calendar.ApptTest" name="getMinute" time="0"/>
  <testcase classname="calendar.ApptTest" name="getValidDay" time="0"/>
  <testcase classname="calendar.ApptTest" name="testRecurrenceBy" time="0"/>
  <testcase classname="calendar.ApptTest" name="testFalseHourChangeCondition" time="0"/>
  <testcase classname="calendar.ApptTest" name="getdayTrue" time="0"/>
  <testcase classname="calendar.ApptTest" name="getHourWrong" time="0"/>
  <testcase classname="calendar.ApptTest" name="WrongAppointment" time="0"/>
  <testcase classname="calendar.ApptTest" name="testRecurrence" time="0"/>
  <testcase classname="calendar.ApptTest" name="testSetMinute" time="0"/>
  <testcase classname="calendar.ApptTest" name="getMinuteWrong" time="0"/>
  <testcase classname="calendar.ApptTest" name="testToStringNotNull" time="0"/>
  <testcase classname="calendar.ApptTest" name="testFalseMinuteNxt" time="0"/>
  <testcase classname="calendar.ApptTest" name="testFalseDay" time="0"/>
  <testcase classname="calendar.ApptTest" name="testFalseMinute" time="0"/>
  <testcase classname="calendar.ApptTest" name="testSetHour" time="0"/>
  <testcase classname="calendar.ApptTest" name="testSetYear" time="0"/>
  <testcase classname="calendar.ApptTest" name="testToStringNull" time="0"/>
  <testcase classname="calendar.ApptTest" name="testIsRecurring" time="0"/>
  <testcase classname="calendar.ApptTest" name="testNullTitle" time="0"/>
  <testcase classname="calendar.ApptTest" name="testSetDay" time="0"/>
  <testcase classname="calendar.ApptTest" name="testSetNullDescription" time="0"/>
  <testcase classname="calendar.ApptTest" name="RightAppointment" time="0"/>
  <testcase classname="calendar.ApptTest" name="getStartingHour" time="0"/>
  <testcase classname="calendar.ApptTest" name="testRecurrenceNumber" time="0"/>
  <testcase classname="calendar.ApptTest" name="testTrueMinute" time="0"/>
  <testcase classname="calendar.ApptTest" name="getDescription" time="0"/>
  <testcase classname="calendar.ApptTest" name="getTitle" time="0"/>
  <testcase classname="calendar.ApptTest" name="testTrueMonth" time="0"/>
  <testcase classname="calendar.ApptTest" name="testSetMonth" time="0"/>
  <testcase classname="calendar.ApptTest" name="testSetTitle" time="0"/>
</testsuite>